TN:
SF:/home/nprasad/Git/nodeIPCtestCases/node-ipc/node-ipc.js
FN:8,(anonymous_1)
FNF:1
FNH:1
FNDA:1,(anonymous_1)
DA:3,1
DA:9,1
DA:11,1
DA:24,1
DA:26,1
LF:5
LH:5
BRF:0
BRH:0
end_of_record
TN:
SF:/home/nprasad/Git/nodeIPCtestCases/node-ipc/entities/LogColors.js
FN:4,(anonymous_1)
FNF:1
FNH:1
FNDA:1,(anonymous_1)
DA:5,1
DA:6,1
DA:7,1
DA:8,1
DA:9,1
DA:10,1
DA:11,1
DA:15,1
LF:8
LH:8
BRF:0
BRH:0
end_of_record
TN:
SF:/home/nprasad/Git/nodeIPCtestCases/node-ipc/services/IPC.js
FN:9,(anonymous_1)
FN:64,log
FN:84,disconnect
FN:101,serve
FN:131,emptyCallback
FN:135,serveNet
FN:208,connect
FN:257,connectNet
FNF:8
FNH:8
FNDA:1,(anonymous_1)
FNDA:186,log
FNDA:9,disconnect
FNDA:3,serve
FNDA:3,emptyCallback
FNDA:4,serveNet
FNDA:5,connect
FNDA:7,connectNet
DA:3,1
DA:10,1
DA:64,1
DA:65,186
DA:66,147
DA:69,39
DA:71,39
DA:72,116
DA:73,112
DA:76,4
DA:79,39
DA:84,1
DA:85,9
DA:86,0
DA:89,9
DA:91,9
DA:92,9
DA:93,9
DA:94,9
DA:98,9
DA:101,1
DA:102,3
DA:103,1
DA:104,1
DA:106,3
DA:107,2
DA:112,2
DA:115,3
DA:116,1
DA:119,3
DA:125,3
DA:131,1
DA:135,1
DA:136,4
DA:137,1
DA:138,1
DA:139,1
DA:140,1
DA:142,4
DA:143,1
DA:144,1
DA:145,1
DA:146,1
DA:148,4
DA:149,2
DA:154,2
DA:156,4
DA:157,1
DA:158,1
DA:159,1
DA:160,1
DA:163,4
DA:164,0
DA:165,0
DA:166,0
DA:168,4
DA:169,0
DA:170,0
DA:171,0
DA:173,4
DA:174,2
DA:179,2
DA:182,4
DA:183,0
DA:184,0
DA:187,4
DA:188,1
DA:191,4
DA:198,4
DA:199,3
DA:202,4
DA:208,1
DA:209,5
DA:210,2
DA:211,2
DA:214,5
DA:215,1
DA:218,5
DA:219,1
DA:223,1
DA:226,4
DA:227,2
DA:232,2
DA:235,4
DA:236,0
DA:237,0
DA:242,0
DA:243,0
DA:245,0
DA:248,4
DA:249,4
DA:250,4
DA:252,4
DA:254,4
DA:257,1
DA:258,7
DA:259,1
DA:263,1
DA:265,6
DA:266,5
DA:267,5
DA:268,5
DA:270,6
DA:271,0
DA:272,0
DA:273,0
DA:275,6
DA:276,6
DA:281,6
DA:284,6
DA:285,0
DA:286,0
DA:288,6
DA:289,1
DA:294,1
DA:297,6
DA:298,0
DA:299,0
DA:301,6
DA:302,1
DA:305,6
DA:306,0
DA:307,0
DA:312,0
DA:313,0
DA:315,0
DA:318,6
DA:319,6
DA:320,6
DA:321,6
DA:323,6
DA:325,6
DA:328,1
LF:133
LH:107
BRDA:65,1,0,147
BRDA:65,1,1,39
BRDA:72,2,0,112
BRDA:72,2,1,4
BRDA:85,3,0,0
BRDA:85,3,1,9
BRDA:92,4,0,9
BRDA:92,4,1,0
BRDA:93,5,0,9
BRDA:93,5,1,0
BRDA:102,6,0,1
BRDA:102,6,1,2
BRDA:106,7,0,2
BRDA:106,7,1,1
BRDA:115,8,0,1
BRDA:115,8,1,2
BRDA:136,9,0,1
BRDA:136,9,1,3
BRDA:142,10,0,1
BRDA:142,10,1,3
BRDA:148,11,0,2
BRDA:148,11,1,2
BRDA:156,12,0,1
BRDA:156,12,1,3
BRDA:156,13,0,4
BRDA:156,13,1,3
BRDA:163,14,0,0
BRDA:163,14,1,4
BRDA:168,15,0,0
BRDA:168,15,1,4
BRDA:173,16,0,2
BRDA:173,16,1,2
BRDA:182,17,0,0
BRDA:182,17,1,4
BRDA:187,18,0,1
BRDA:187,18,1,3
BRDA:198,19,0,3
BRDA:198,19,1,1
BRDA:209,20,0,2
BRDA:209,20,1,3
BRDA:214,21,0,1
BRDA:214,21,1,4
BRDA:218,22,0,1
BRDA:218,22,1,4
BRDA:226,23,0,2
BRDA:226,23,1,2
BRDA:235,24,0,0
BRDA:235,24,1,4
BRDA:236,25,0,0
BRDA:236,25,1,0
BRDA:258,26,0,1
BRDA:258,26,1,6
BRDA:265,27,0,5
BRDA:265,27,1,1
BRDA:270,28,0,0
BRDA:270,28,1,6
BRDA:275,29,0,6
BRDA:275,29,1,0
BRDA:284,30,0,0
BRDA:284,30,1,6
BRDA:288,31,0,1
BRDA:288,31,1,5
BRDA:297,32,0,0
BRDA:297,32,1,6
BRDA:301,33,0,1
BRDA:301,33,1,5
BRDA:305,34,0,0
BRDA:305,34,1,6
BRDA:306,35,0,0
BRDA:306,35,1,0
BRF:70
BRH:54
end_of_record
TN:
SF:/home/nprasad/Git/nodeIPCtestCases/node-ipc/entities/Defaults.js
FN:5,(anonymous_1)
FNF:1
FNH:1
FNDA:1,(anonymous_1)
DA:2,1
DA:6,1
DA:10,1
DA:93,1
LF:4
LH:4
BRDA:26,1,0,0
BRDA:26,1,1,1
BRF:2
BRH:1
end_of_record
TN:
SF:/home/nprasad/Git/nodeIPCtestCases/node-ipc/dao/client.js
FN:11,init
FN:27,emit
FN:50,syncEmit
FN:55,connect
FN:122,(anonymous_5)
FN:131,connectionMade
FN:140,connectionClosed
FN:166,retryTimeout
FN:171,resetRetriesCheck
FN:188,(anonymous_10)
FNF:10
FNH:10
FNDA:10,init
FNDA:9,emit
FNDA:8,syncEmit
FNDA:22,connect
FNDA:17,(anonymous_5)
FNDA:5,connectionMade
FNDA:21,connectionClosed
FNDA:12,retryTimeout
FNDA:12,resetRetriesCheck
FNDA:10,(anonymous_10)
DA:3,1
DA:11,1
DA:12,10
DA:22,10
DA:24,10
DA:27,1
DA:28,9
DA:30,9
DA:31,9
DA:32,9
DA:34,9
DA:35,2
DA:37,7
DA:40,9
DA:41,1
DA:42,1
DA:45,8
DA:50,1
DA:51,8
DA:52,8
DA:55,1
DA:57,22
DA:59,22
DA:60,22
DA:61,0
DA:62,0
DA:65,22
DA:66,7
DA:68,7
DA:70,7
DA:71,0
DA:72,0
DA:73,0
DA:75,7
DA:81,15
DA:82,15
DA:83,15
DA:90,0
DA:91,0
DA:92,0
DA:94,0
DA:95,0
DA:97,0
DA:98,0
DA:99,0
DA:101,0
DA:102,0
DA:103,0
DA:109,0
DA:110,0
DA:112,0
DA:118,22
DA:120,22
DA:123,17
DA:124,17
DA:129,22
DA:132,5
DA:133,5
DA:134,5
DA:138,22
DA:141,21
DA:145,21
DA:149,9
DA:150,9
DA:156,9
DA:157,9
DA:158,9
DA:160,9
DA:163,12
DA:165,12
DA:167,12
DA:168,12
DA:169,12
DA:170,12
DA:172,12
DA:173,3
DA:182,12
DA:186,22
DA:189,10
DA:190,10
DA:191,2
DA:195,1
DA:196,0
DA:199,1
DA:200,1
DA:203,8
DA:204,8
DA:207,8
DA:209,8
DA:210,0
DA:211,0
DA:214,8
DA:216,8
DA:217,8
DA:218,8
DA:219,8
DA:220,8
DA:222,8
DA:223,8
DA:229,8
DA:230,0
DA:233,8
DA:238,1
LF:103
LH:80
BRDA:19,1,0,10
BRDA:19,1,1,0
BRDA:34,2,0,2
BRDA:34,2,1,7
BRDA:40,3,0,1
BRDA:40,3,1,8
BRDA:60,4,0,0
BRDA:60,4,1,22
BRDA:65,5,0,7
BRDA:65,5,1,15
BRDA:70,6,0,0
BRDA:70,6,1,7
BRDA:70,7,0,7
BRDA:70,7,1,0
BRDA:81,8,0,15
BRDA:81,8,1,0
BRDA:91,9,0,0
BRDA:91,9,1,0
BRDA:94,10,0,0
BRDA:94,10,1,0
BRDA:97,11,0,0
BRDA:97,11,1,0
BRDA:98,12,0,0
BRDA:98,12,1,0
BRDA:145,13,0,9
BRDA:145,13,1,12
BRDA:146,14,0,21
BRDA:146,14,1,14
BRDA:172,15,0,3
BRDA:172,15,1,9
BRDA:190,16,0,2
BRDA:190,16,1,8
BRDA:195,17,0,0
BRDA:195,17,1,1
BRDA:203,18,0,8
BRDA:203,18,1,0
BRDA:209,19,0,0
BRDA:209,19,1,8
BRDA:209,20,0,8
BRDA:209,20,1,8
BRDA:229,21,0,0
BRDA:229,21,1,8
BRF:42
BRH:25
end_of_record
TN:
SF:/home/nprasad/Git/nodeIPCtestCases/node-ipc/dao/eventParser.js
FN:9,formatData
FN:21,parseDataEvents
FNF:2
FNH:2
FNDA:12,formatData
FNDA:12,parseDataEvents
DA:3,1
DA:9,1
DA:10,12
DA:11,1
DA:13,12
DA:14,0
DA:17,12
DA:18,12
DA:21,1
DA:22,12
DA:23,12
DA:24,12
DA:27,1
LF:13
LH:12
BRDA:10,1,0,1
BRDA:10,1,1,11
BRDA:13,2,0,0
BRDA:13,2,1,12
BRF:4
BRH:3
end_of_record
TN:
SF:/home/nprasad/Git/nodeIPCtestCases/node-ipc/dao/socketServer.js
FN:11,emit
FN:42,broadcast
FN:65,init
FN:77,onStart
FN:83,stop
FN:86,start
FN:94,(anonymous_7)
FN:137,UDPWrite
FN:145,(anonymous_9)
FN:150,(anonymous_10)
FN:165,(anonymous_11)
FN:173,(anonymous_12)
FN:185,serverCreated
FN:195,(anonymous_14)
FN:205,(anonymous_15)
FN:214,(anonymous_16)
FN:262,(anonymous_17)
FN:289,started
FN:340,(anonymous_19)
FNF:19
FNH:16
FNDA:5,emit
FNDA:2,broadcast
FNDA:7,init
FNDA:7,onStart
FNDA:7,stop
FNDA:7,start
FNDA:7,(anonymous_7)
FNDA:2,UDPWrite
FNDA:2,(anonymous_9)
FNDA:0,(anonymous_10)
FNDA:3,(anonymous_11)
FNDA:0,(anonymous_12)
FNDA:7,serverCreated
FNDA:3,(anonymous_14)
FNDA:0,(anonymous_15)
FNDA:4,(anonymous_16)
FNDA:2,(anonymous_17)
FNDA:7,started
FNDA:3,(anonymous_19)
DA:3,1
DA:11,1
DA:12,5
DA:14,5
DA:15,5
DA:16,5
DA:18,5
DA:19,1
DA:21,4
DA:24,5
DA:26,3
DA:27,1
DA:28,1
DA:29,1
DA:32,2
DA:36,2
DA:39,2
DA:42,1
DA:43,2
DA:44,2
DA:45,2
DA:46,2
DA:48,2
DA:49,1
DA:51,1
DA:54,2
DA:55,1
DA:56,0
DA:59,1
DA:60,1
DA:65,1
DA:66,7
DA:78,7
DA:84,7
DA:87,7
DA:88,0
DA:89,0
DA:92,7
DA:95,7
DA:100,7
DA:101,4
DA:102,4
DA:106,0
DA:107,0
DA:108,0
DA:110,0
DA:112,0
DA:113,0
DA:115,0
DA:117,0
DA:118,0
DA:120,0
DA:121,0
DA:122,0
DA:124,0
DA:125,0
DA:126,0
DA:131,0
DA:137,1
DA:138,2
DA:139,2
DA:146,2
DA:147,0
DA:148,0
DA:151,0
DA:159,3
DA:162,3
DA:163,3
DA:166,3
DA:171,7
DA:174,0
DA:176,0
DA:183,7
DA:185,1
DA:186,7
DA:188,7
DA:189,4
DA:192,7
DA:193,7
DA:196,3
DA:203,7
DA:206,0
DA:208,0
DA:212,7
DA:215,4
DA:216,4
DA:217,0
DA:218,0
DA:223,0
DA:226,4
DA:227,4
DA:230,4
DA:232,4
DA:233,0
DA:234,0
DA:237,4
DA:239,4
DA:241,4
DA:242,4
DA:243,4
DA:245,4
DA:247,4
DA:248,4
DA:251,4
DA:260,7
DA:263,2
DA:264,0
DA:267,2
DA:268,2
DA:270,2
DA:271,0
DA:273,2
DA:275,2
DA:279,7
DA:284,7
DA:285,1
DA:289,1
DA:290,7
DA:293,7
DA:294,3
DA:295,3
DA:296,0
DA:297,0
DA:298,0
DA:301,3
DA:306,3
DA:309,4
DA:310,1
DA:311,1
DA:316,1
DA:319,3
DA:320,3
DA:325,3
DA:336,7
DA:338,7
DA:341,3
DA:342,3
DA:343,3
DA:345,3
DA:346,3
DA:347,0
DA:351,3
DA:352,0
DA:355,3
DA:357,3
DA:358,0
DA:361,3
DA:363,3
DA:365,3
DA:370,7
DA:373,1
LF:151
LH:112
BRDA:18,1,0,1
BRDA:18,1,1,4
BRDA:24,2,0,3
BRDA:24,2,1,2
BRDA:24,3,0,5
BRDA:24,3,1,3
BRDA:26,4,0,1
BRDA:26,4,1,2
BRDA:26,5,0,3
BRDA:26,5,1,2
BRDA:43,6,0,1
BRDA:43,6,1,1
BRDA:48,7,0,1
BRDA:48,7,1,1
BRDA:54,8,0,1
BRDA:54,8,1,1
BRDA:54,9,0,2
BRDA:54,9,1,1
BRDA:87,10,0,0
BRDA:87,10,1,7
BRDA:97,11,0,4
BRDA:97,11,1,3
BRDA:100,12,0,4
BRDA:100,12,1,3
BRDA:100,13,0,7
BRDA:100,13,1,5
BRDA:101,14,0,4
BRDA:101,14,1,0
BRDA:107,15,0,0
BRDA:107,15,1,0
BRDA:112,16,0,0
BRDA:112,16,1,0
BRDA:117,17,0,0
BRDA:117,17,1,0
BRDA:120,18,0,0
BRDA:120,18,1,0
BRDA:121,19,0,0
BRDA:121,19,1,0
BRDA:146,20,0,0
BRDA:146,20,1,2
BRDA:160,21,0,2
BRDA:160,21,1,1
BRDA:188,22,0,4
BRDA:188,22,1,3
BRDA:215,23,0,2
BRDA:215,23,1,2
BRDA:215,24,0,4
BRDA:215,24,1,3
BRDA:216,25,0,0
BRDA:216,25,1,4
BRDA:226,26,0,4
BRDA:226,26,1,0
BRDA:232,27,0,0
BRDA:232,27,1,4
BRDA:232,28,0,4
BRDA:232,28,1,4
BRDA:247,29,0,4
BRDA:247,29,1,0
BRDA:263,30,0,0
BRDA:263,30,1,2
BRDA:270,31,0,0
BRDA:270,31,1,2
BRDA:284,32,0,1
BRDA:284,32,1,6
BRDA:293,33,0,3
BRDA:293,33,1,4
BRDA:295,34,0,0
BRDA:295,34,1,3
BRDA:309,35,0,1
BRDA:309,35,1,3
BRDA:309,36,0,4
BRDA:309,36,1,2
BRDA:310,37,0,0
BRDA:310,37,1,1
BRDA:319,38,0,2
BRDA:319,38,1,1
BRDA:345,39,0,3
BRDA:345,39,1,0
BRDA:346,40,0,0
BRDA:346,40,1,3
BRDA:351,41,0,0
BRDA:351,41,1,3
BRDA:357,42,0,0
BRDA:357,42,1,3
BRDA:357,43,0,3
BRDA:357,43,1,3
BRF:86
BRH:61
end_of_record
